<?xml version="1.0" encoding="UTF-8"?>
<!-- Generated by org.testng.reporters.JUnitXMLReporter -->
<testsuite hostname="DESKTOP-1F7P7C3" ignored="0" name="Default test" tests="4" failures="0" timestamp="27 Dec 2020 05:29:42 GMT" time="4.485" errors="0">
  <testcase name="addBooks" time="4.065" classname="LibraryAPI.LibraryManagementMyPractice"/>
  <testcase name="addBooks" time="0.185" classname="LibraryAPI.LibraryManagementMyPractice"/>
  <testcase name="addBooks" time="0.192" classname="LibraryAPI.LibraryManagementMyPractice"/>
  <testcase name="getBooks" time="0.002" classname="LibraryAPI.LibraryManagementMyPractice"/>
</testsuite> <!-- Default test -->
